  
$_SESSION  5 variables set.
preferredLanguageId: 2
loggedin: 1
userId: 1
username: magnus.grylle@gmail.com
personId: 145
$_POST size: 11
  
mode: edit
ongoing_day_id: 17
id: 61
hour: 10
systematic: 1
trap: KOSPA
extra: 
ring: 3-33335
taxon: 782
age: 2
sex: -
  
  

$_POST size: 8
  
ringing_record_id: 61
measurementId-undefined: undefined
measurementId-1: 95
measurementId-14: 0
measurementId-2: -1
measurementId-8: 0
measurementId-9: 0
measurementId-10: 0
  
  
undefined
1
14
2
8
9
10
  
$_SESSION  5 variables set.
preferredLanguageId: 2
loggedin: 1
userId: 1
username: magnus.grylle@gmail.com
personId: 145
$_POST size: 11
  
mode: edit
ongoing_day_id: 17
id: 61
hour: 10
systematic: 1
trap: KOSPA
extra: 
ring: 3-33335
taxon: 782
age: 2
sex: -
  
  

$_POST size: 8
  
ringing_record_id: 61
measurementId-undefined: undefined
measurementId-1: 95
measurementId-14: 0
measurementId-2: -1
measurementId-8: 0
measurementId-9: 0
measurementId-10: 0
  
  
undefined
1
14
2
8
9
10
  
$_SESSION  5 variables set.
preferredLanguageId: 2
loggedin: 1
userId: 1
username: magnus.grylle@gmail.com
personId: 145
$_POST size: 11
  
mode: edit
ongoing_day_id: 17
id: 61
hour: 10
systematic: 1
trap: KOSPA
extra: 
ring: 3-33335
taxon: 782
age: 2
sex: -
  
  

$_POST size: 8
  
ringing_record_id: 61
measurementId-undefined: undefined
measurementId-1: 95
measurementId-14: 0
measurementId-2: -1
measurementId-8: 0
measurementId-9: 0
measurementId-10: 0
  
  
undefined
1
14
2
8
9
10
  
$_SESSION  5 variables set.
preferredLanguageId: 2
loggedin: 1
userId: 1
username: magnus.grylle@gmail.com
personId: 145
  
$_SESSION  5 variables set.
preferredLanguageId: 2
loggedin: 1
userId: 1
username: magnus.grylle@gmail.com
personId: 145
  
$_SESSION  5 variables set.
preferredLanguageId: 2
loggedin: 1
userId: 1
username: magnus.grylle@gmail.com
personId: 145
  
$_SESSION  5 variables set.
preferredLanguageId: 2
loggedin: 1
userId: 1
username: magnus.grylle@gmail.com
personId: 145
  
$_SESSION  5 variables set.
preferredLanguageId: 2
loggedin: 1
userId: 1
username: magnus.grylle@gmail.com
personId: 145
  
$_SESSION  5 variables set.
preferredLanguageId: 2
loggedin: 1
userId: 1
username: magnus.grylle@gmail.com
personId: 145
  
$_SESSION  5 variables set.
preferredLanguageId: 2
loggedin: 1
userId: 1
username: magnus.grylle@gmail.com
personId: 145
  
$_SESSION  5 variables set.
preferredLanguageId: 2
loggedin: 1
userId: 1
username: magnus.grylle@gmail.com
personId: 145
  
$_SESSION  5 variables set.
preferredLanguageId: 2
loggedin: 1
userId: 1
username: magnus.grylle@gmail.com
personId: 145
  
$_SESSION  5 variables set.
preferredLanguageId: 2
loggedin: 1
userId: 1
username: magnus.grylle@gmail.com
personId: 145
  
$_SESSION  5 variables set.
preferredLanguageId: 2
loggedin: 1
userId: 1
username: magnus.grylle@gmail.com
personId: 145
$_POST size: 11
  
mode: edit
ongoing_day_id: 17
id: 62
hour: 09
systematic: 1
trap: SÄSPA
extra: 
ring: 15-123459
taxon: 777
age: 2
sex: -
  
  

$_POST size: 10
  
ringing_record_id: 62
measurementId-undefined: undefined
measurementId-12: 
measurementId-7: 123
measurementId-1: 80
measurementId-14: 5
measurementId-2: 15.4
measurementId-8: 
measurementId-9: 
measurementId-10: 
  
  
undefined
12
7
1
14
2
8
9
10
  
$_SESSION  5 variables set.
preferredLanguageId: 2
loggedin: 1
userId: 1
username: magnus.grylle@gmail.com
personId: 145
  
$_SESSION  5 variables set.
preferredLanguageId: 2
loggedin: 1
userId: 1
username: magnus.grylle@gmail.com
personId: 145
  
$_SESSION  5 variables set.
preferredLanguageId: 2
loggedin: 1
userId: 1
username: magnus.grylle@gmail.com
personId: 145
  
$_SESSION  5 variables set.
preferredLanguageId: 2
loggedin: 1
userId: 1
username: magnus.grylle@gmail.com
personId: 145
  
$_SESSION  5 variables set.
preferredLanguageId: 2
loggedin: 1
userId: 1
username: magnus.grylle@gmail.com
personId: 145
  
$_SESSION  5 variables set.
preferredLanguageId: 2
loggedin: 1
userId: 1
username: magnus.grylle@gmail.com
personId: 145
  
$_SESSION  5 variables set.
preferredLanguageId: 2
loggedin: 1
userId: 1
username: magnus.grylle@gmail.com
personId: 145
  
$_SESSION  5 variables set.
preferredLanguageId: 2
loggedin: 1
userId: 1
username: magnus.grylle@gmail.com
personId: 145
  
$_SESSION  5 variables set.
preferredLanguageId: 2
loggedin: 1
userId: 1
username: magnus.grylle@gmail.com
personId: 145
  
$_SESSION  5 variables set.
preferredLanguageId: 2
loggedin: 1
userId: 1
username: magnus.grylle@gmail.com
personId: 145
  
$_SESSION  5 variables set.
preferredLanguageId: 2
loggedin: 1
userId: 1
username: magnus.grylle@gmail.com
personId: 145
  
$_SESSION  5 variables set.
preferredLanguageId: 2
loggedin: 1
userId: 1
username: magnus.grylle@gmail.com
personId: 145
